[2024-03-09T00:04:37Z] [INFO] Checking MongoDB Connection...
[2024-03-09T00:04:38Z] [INFO] Starting the Profile View Scraping Process...
[2024-03-10T06:40:25Z] [INFO] Server is running on port 3000
[2024-03-10T06:40:27Z] [INFO] Connected to MongoDB
[2024-03-10T06:40:27Z] [INFO] Cron is Up & Running!
[2024-03-10T06:40:27Z] [INFO] Checking MongoDB Connection...
[2024-03-10T06:40:27Z] [INFO] Starting the Profile View Scraping Process...
[2024-03-10T06:40:27Z] [INFO] Checking MongoDB Connection...
[2024-03-10T06:40:27Z] [INFO] Starting the Interaction Scraping Process...
[2024-03-10T06:40:28Z] [INFO] Starting the Finished Crons Checking Process...
[2024-03-10T06:41:53Z] [INFO] Server is running on port 3000
[2024-03-10T06:41:55Z] [INFO] Connected to MongoDB
[2024-03-10T06:41:55Z] [INFO] Cron is Up & Running!
[2024-03-10T06:41:55Z] [INFO] Checking MongoDB Connection...
[2024-03-10T06:41:55Z] [INFO] Starting the Profile View Scraping Process...
[2024-03-10T06:45:25Z] [INFO] Server is running on port 3000
[2024-03-10T06:45:27Z] [INFO] Connected to MongoDB
[2024-03-10T06:45:27Z] [INFO] Cron is Up & Running!
[2024-03-10T06:45:27Z] [INFO] Checking MongoDB Connection...
[2024-03-10T06:45:27Z] [INFO] Starting the Profile View Scraping Process...
[2024-03-10T06:48:01Z] [INFO] Server is running on port 3000
[2024-03-10T06:48:03Z] [INFO] Connected to MongoDB
[2024-03-10T06:48:03Z] [INFO] Cron is Up & Running!
[2024-03-10T06:48:03Z] [INFO] Checking MongoDB Connection...
[2024-03-10T06:48:03Z] [INFO] Starting the Profile View Scraping Process...
[2024-03-10T06:48:06Z] [INFO] Profile View Scraping finished...
[2024-03-10T06:48:49Z] [INFO] Server is running on port 3000
[2024-03-10T06:48:51Z] [INFO] Connected to MongoDB
[2024-03-10T06:48:51Z] [INFO] Cron is Up & Running!
[2024-03-10T06:48:51Z] [INFO] Checking MongoDB Connection...
[2024-03-10T06:48:51Z] [INFO] Starting the Profile View Scraping Process...
[2024-03-10T06:48:54Z] [INFO] Profile View Scraping finished...
[2024-03-10T06:49:39Z] [INFO] Server is running on port 3000
[2024-03-10T06:49:41Z] [INFO] Connected to MongoDB
[2024-03-10T06:49:41Z] [INFO] Cron is Up & Running!
[2024-03-10T06:49:41Z] [INFO] Checking MongoDB Connection...
[2024-03-10T06:49:41Z] [INFO] Starting the Profile View Scraping Process...
[2024-03-10T06:49:44Z] [INFO] Profile View Scraping finished...
[2024-03-10T06:51:20Z] [INFO] Server is running on port 3000
[2024-03-10T06:51:21Z] [INFO] Connected to MongoDB
[2024-03-10T06:51:21Z] [INFO] Cron is Up & Running!
[2024-03-10T06:51:21Z] [INFO] Checking MongoDB Connection...
[2024-03-10T06:51:21Z] [INFO] Starting the Profile View Scraping Process...
[2024-03-10T06:51:24Z] [INFO] Profile View Scraping finished...
[2024-03-10T06:51:55Z] [INFO] Server is running on port 3000
[2024-03-10T06:51:57Z] [INFO] Connected to MongoDB
[2024-03-10T06:51:57Z] [INFO] Cron is Up & Running!
[2024-03-10T06:51:57Z] [INFO] Checking MongoDB Connection...
[2024-03-10T06:51:57Z] [INFO] Starting the Profile View Scraping Process...
[2024-03-10T06:51:59Z] [INFO] Profile View Scraping finished...
[2024-03-10T06:53:48Z] [INFO] Server is running on port 3000
[2024-03-10T06:53:51Z] [INFO] Connected to MongoDB
[2024-03-10T06:53:51Z] [INFO] Cron is Up & Running!
[2024-03-10T06:53:51Z] [INFO] Checking MongoDB Connection...
[2024-03-10T06:53:51Z] [INFO] Starting the Profile View Scraping Process...
[2024-03-10T06:53:53Z] [INFO] Profile View Scraping finished...
[2024-03-10T06:55:45Z] [INFO] Server is running on port 3000
[2024-03-10T06:55:47Z] [INFO] Connected to MongoDB
[2024-03-10T06:55:47Z] [INFO] Cron is Up & Running!
[2024-03-10T06:55:47Z] [INFO] Checking MongoDB Connection...
[2024-03-10T06:55:47Z] [INFO] Starting the Profile View Scraping Process...
[2024-03-10T06:55:49Z] [INFO] Profile View Scraping finished...
[2024-03-10T06:56:54Z] [INFO] Server is running on port 3000
[2024-03-10T06:56:56Z] [INFO] Connected to MongoDB
[2024-03-10T06:56:56Z] [INFO] Cron is Up & Running!
[2024-03-10T06:56:56Z] [INFO] Checking MongoDB Connection...
[2024-03-10T06:56:56Z] [INFO] Starting the Profile View Scraping Process...
[2024-03-10T06:56:58Z] [INFO] Profile View Scraping finished...
[2024-03-10T06:57:46Z] [INFO] Server is running on port 3000
[2024-03-10T06:57:47Z] [INFO] Connected to MongoDB
[2024-03-10T06:57:47Z] [INFO] Cron is Up & Running!
[2024-03-10T06:57:47Z] [INFO] Checking MongoDB Connection...
[2024-03-10T06:57:47Z] [INFO] Starting the Profile View Scraping Process...
[2024-03-10T06:57:50Z] [INFO] Profile View Scraping finished...
[2024-03-10T06:58:30Z] [INFO] Server is running on port 3000
[2024-03-10T06:58:32Z] [INFO] Connected to MongoDB
[2024-03-10T06:58:32Z] [INFO] Cron is Up & Running!
[2024-03-10T06:58:32Z] [INFO] Checking MongoDB Connection...
[2024-03-10T06:58:32Z] [INFO] Starting the Profile View Scraping Process...
[2024-03-10T06:58:34Z] [INFO] Profile View Scraping finished...
[2024-03-10T07:03:17Z] [INFO] Server is running on port 3000
[2024-03-10T07:03:19Z] [INFO] Connected to MongoDB
[2024-03-10T07:03:19Z] [INFO] Cron is Up & Running!
[2024-03-10T07:03:19Z] [INFO] Checking MongoDB Connection...
[2024-03-10T07:03:19Z] [INFO] Starting the Profile View Scraping Process...
[2024-03-10T07:03:21Z] [INFO] Profile View Scraping finished...
[2024-03-10T07:04:12Z] [INFO] Server is running on port 3000
[2024-03-10T07:04:13Z] [INFO] Connected to MongoDB
[2024-03-10T07:04:13Z] [INFO] Cron is Up & Running!
[2024-03-10T07:04:13Z] [INFO] Checking MongoDB Connection...
[2024-03-10T07:04:13Z] [INFO] Starting the Profile View Scraping Process...
[2024-03-10T07:04:16Z] [INFO] Profile View Scraping finished...
[2024-03-10T07:04:31Z] [INFO] Server is running on port 3000
[2024-03-10T07:04:33Z] [INFO] Connected to MongoDB
[2024-03-10T07:04:33Z] [INFO] Cron is Up & Running!
[2024-03-10T07:04:33Z] [INFO] Checking MongoDB Connection...
[2024-03-10T07:04:33Z] [INFO] Starting the Profile View Scraping Process...
[2024-03-10T07:04:36Z] [INFO] Profile View Scraping finished...
[2024-03-10T07:05:42Z] [INFO] Server is running on port 3000
[2024-03-10T07:05:44Z] [INFO] Connected to MongoDB
[2024-03-10T07:05:44Z] [INFO] Cron is Up & Running!
[2024-03-10T07:05:44Z] [INFO] Checking MongoDB Connection...
[2024-03-10T07:05:44Z] [INFO] Starting the Profile View Scraping Process...
[2024-03-10T07:05:47Z] [INFO] Profile View Scraping finished...
[2024-03-10T07:07:28Z] [INFO] Server is running on port 3000
[2024-03-10T07:07:30Z] [INFO] Connected to MongoDB
[2024-03-10T07:07:30Z] [INFO] Cron is Up & Running!
[2024-03-10T07:07:30Z] [INFO] Checking MongoDB Connection...
[2024-03-10T07:07:30Z] [INFO] Starting the Profile View Scraping Process...
[2024-03-10T07:07:32Z] [INFO] Profile View Scraping finished...
[2024-03-10T07:11:38Z] [INFO] Server is running on port 3000
[2024-03-10T07:11:40Z] [INFO] Connected to MongoDB
[2024-03-10T07:11:40Z] [INFO] Cron is Up & Running!
[2024-03-10T07:11:40Z] [INFO] Checking MongoDB Connection...
[2024-03-10T07:11:40Z] [INFO] Starting the Interaction Scraping Process...
[2024-03-10T07:11:40Z] [INFO] Starting the Finished Crons Checking Process...
[2024-03-10T07:16:56Z] [INFO] Server is running on port 3000
[2024-03-10T07:16:58Z] [INFO] Connected to MongoDB
[2024-03-10T07:16:58Z] [INFO] Cron is Up & Running!
[2024-03-10T07:16:58Z] [INFO] Checking MongoDB Connection...
[2024-03-10T07:16:58Z] [INFO] Starting the Interaction Scraping Process...
[2024-03-10T07:16:58Z] [INFO] Starting the Finished Crons Checking Process...
[2024-03-10T07:17:09Z] [INFO] Sending the data CSV file to customer: Sajawal Chopra - sajawalchopra448@gmail.com
[2024-03-10T07:17:13Z] [INFO] Sent the data CSV file to customer: 76347f08-2294-46f0-bb1a-efb677cb56f2
[2024-03-10T07:17:19Z] [INFO] Sending the data CSV file to customer: Sajawal Chopra - sajawalchopra448@gmail.com
[2024-03-10T07:17:30Z] [INFO] Sending the data CSV file to customer: Sajawal Chopra - sajawalchopra448@gmail.com
[2024-03-10T07:17:41Z] [INFO] Sending the data CSV file to customer: Sajawal Chopra - sajawalchopra448@gmail.com
[2024-03-10T07:17:51Z] [INFO] Sending the data CSV file to customer: Sajawal Chopra - sajawalchopra448@gmail.com
[2024-03-10T07:18:02Z] [INFO] Sending the data CSV file to customer: Sajawal Chopra - sajawalchopra448@gmail.com
[2024-03-10T07:21:30Z] [INFO] Server is running on port 3000
[2024-03-10T07:21:31Z] [INFO] Connected to MongoDB
[2024-03-10T07:21:31Z] [INFO] Cron is Up & Running!
[2024-03-10T07:21:31Z] [INFO] Checking MongoDB Connection...
[2024-03-10T07:21:31Z] [INFO] Starting the Profile View Scraping Process...
[2024-03-10T07:21:34Z] [INFO] Profile View Scraping finished...
[2024-03-10T07:22:02Z] [INFO] Server is running on port 3000
[2024-03-10T07:22:05Z] [INFO] Connected to MongoDB
[2024-03-10T07:22:05Z] [INFO] Cron is Up & Running!
[2024-03-10T07:22:05Z] [INFO] Checking MongoDB Connection...
[2024-03-10T07:22:05Z] [INFO] Starting the Interaction Scraping Process...
[2024-03-10T07:23:16Z] [INFO] Server is running on port 3000
[2024-03-10T07:23:18Z] [INFO] Connected to MongoDB
[2024-03-10T07:23:18Z] [INFO] Cron is Up & Running!
[2024-03-10T07:23:18Z] [INFO] Checking MongoDB Connection...
[2024-03-10T07:23:18Z] [INFO] Starting the Interaction Scraping Process...
[2024-03-10T07:23:37Z] [INFO] Server is running on port 3000
[2024-03-10T07:23:39Z] [INFO] Connected to MongoDB
[2024-03-10T07:23:39Z] [INFO] Cron is Up & Running!
[2024-03-10T07:23:39Z] [INFO] Checking MongoDB Connection...
[2024-03-10T07:23:39Z] [INFO] Starting the Interaction Scraping Process...
[2024-03-10T07:24:53Z] [INFO] Server is running on port 3000
[2024-03-10T07:24:55Z] [INFO] Connected to MongoDB
[2024-03-10T07:24:55Z] [INFO] Cron is Up & Running!
[2024-03-10T07:24:55Z] [INFO] Checking MongoDB Connection...
[2024-03-10T07:24:55Z] [INFO] Starting the Interaction Scraping Process...
[2024-03-10T07:28:13Z] [INFO] Server is running on port 3000
[2024-03-10T07:28:15Z] [INFO] Connected to MongoDB
[2024-03-10T07:28:15Z] [INFO] Cron is Up & Running!
[2024-03-10T07:28:15Z] [INFO] Checking MongoDB Connection...
[2024-03-10T07:28:15Z] [INFO] Starting the Interaction Scraping Process...
[2024-03-10T07:29:30Z] [INFO] Server is running on port 3000
[2024-03-10T07:29:32Z] [INFO] Connected to MongoDB
[2024-03-10T07:29:32Z] [INFO] Cron is Up & Running!
[2024-03-10T07:29:32Z] [INFO] Checking MongoDB Connection...
[2024-03-10T07:29:32Z] [INFO] Starting the Interaction Scraping Process...
[2024-03-10T07:32:47Z] [INFO] Server is running on port 3000
[2024-03-10T07:32:48Z] [INFO] Connected to MongoDB
[2024-03-10T07:32:48Z] [INFO] Cron is Up & Running!
[2024-03-10T07:32:48Z] [INFO] Checking MongoDB Connection...
[2024-03-10T07:32:48Z] [INFO] Starting the Interaction Scraping Process...
[2024-03-10T07:34:01Z] [INFO] Server is running on port 3000
[2024-03-10T07:34:03Z] [INFO] Connected to MongoDB
[2024-03-10T07:34:03Z] [INFO] Cron is Up & Running!
[2024-03-10T07:34:03Z] [INFO] Checking MongoDB Connection...
[2024-03-10T07:34:03Z] [INFO] Starting the Interaction Scraping Process...
[2024-03-10T07:35:41Z] [INFO] Server is running on port 3000
[2024-03-10T07:35:43Z] [INFO] Connected to MongoDB
[2024-03-10T07:35:43Z] [INFO] Cron is Up & Running!
[2024-03-10T07:35:43Z] [INFO] Checking MongoDB Connection...
[2024-03-10T07:35:43Z] [INFO] Starting the Interaction Scraping Process...
[2024-03-10T07:36:23Z] [INFO] Server is running on port 3000
[2024-03-10T07:36:25Z] [INFO] Connected to MongoDB
[2024-03-10T07:36:25Z] [INFO] Cron is Up & Running!
[2024-03-10T07:36:25Z] [INFO] Checking MongoDB Connection...
[2024-03-10T07:36:25Z] [INFO] Starting the Interaction Scraping Process...
[2024-03-10T07:39:17Z] [INFO] Server is running on port 3000
[2024-03-10T07:39:19Z] [INFO] Connected to MongoDB
[2024-03-10T07:39:19Z] [INFO] Cron is Up & Running!
[2024-03-10T07:39:19Z] [INFO] Checking MongoDB Connection...
[2024-03-10T07:39:19Z] [INFO] Starting the Interaction Scraping Process...
[2024-03-10T07:43:12Z] [INFO] Connected to MongoDB
[2024-03-10T07:45:01Z] [INFO] Server is running on port 3000
[2024-03-10T07:45:03Z] [INFO] Connected to MongoDB
[2024-03-10T07:45:03Z] [INFO] Cron is Up & Running!
[2024-03-10T07:45:03Z] [INFO] Checking MongoDB Connection...
[2024-03-10T07:45:03Z] [INFO] Starting the Interaction Scraping Process...
[2024-03-10T07:50:55Z] [INFO] Server is running on port 3000
[2024-03-10T07:50:57Z] [INFO] Connected to MongoDB
[2024-03-10T07:50:57Z] [INFO] Cron is Up & Running!
[2024-03-10T07:50:57Z] [INFO] Checking MongoDB Connection...
[2024-03-10T07:50:57Z] [INFO] Starting the Interaction Scraping Process...
[2024-03-10T07:56:40Z] [INFO] Server is running on port 3000
[2024-03-10T07:56:42Z] [INFO] Connected to MongoDB
[2024-03-10T07:56:42Z] [INFO] Cron is Up & Running!
[2024-03-10T07:56:42Z] [INFO] Checking MongoDB Connection...
[2024-03-10T07:56:42Z] [INFO] Starting the Interaction Scraping Process...
[2024-03-10T07:58:28Z] [INFO] Server is running on port 3000
[2024-03-10T07:58:30Z] [INFO] Connected to MongoDB
[2024-03-10T07:58:30Z] [INFO] Cron is Up & Running!
[2024-03-10T07:58:30Z] [INFO] Checking MongoDB Connection...
[2024-03-10T07:58:30Z] [INFO] Starting the Interaction Scraping Process...
[2024-03-10T08:01:03Z] [INFO] Server is running on port 3000
[2024-03-10T08:01:08Z] [INFO] Connected to MongoDB
[2024-03-10T08:01:08Z] [INFO] Cron is Up & Running!
[2024-03-10T08:01:08Z] [INFO] Checking MongoDB Connection...
[2024-03-10T08:01:08Z] [INFO] Starting the Interaction Scraping Process...
[2024-03-10T08:02:36Z] [INFO] Server is running on port 3000
[2024-03-10T08:02:37Z] [INFO] Connected to MongoDB
[2024-03-10T08:02:37Z] [INFO] Cron is Up & Running!
[2024-03-10T08:02:37Z] [INFO] Starting the Finished Crons Checking Process...
[2024-03-10T08:02:38Z] [INFO] Sending the data CSV file to customer: Sajawal Chopra - sajawalchopra448@gmail.com
[2024-03-10T08:02:42Z] [INFO] Sent the data CSV file to customer: 76347f08-2294-46f0-bb1a-efb677cb56f2
[2024-03-10T08:08:08Z] [INFO] Server is running on port 3000
[2024-03-10T08:08:10Z] [INFO] Connected to MongoDB
[2024-03-10T08:08:10Z] [INFO] Cron is Up & Running!
[2024-03-10T08:08:10Z] [INFO] Checking MongoDB Connection...
[2024-03-10T08:08:10Z] [INFO] Starting the Profile View Scraping Process...
[2024-03-10T08:08:11Z] [INFO] Checking MongoDB Connection...
[2024-03-10T08:08:11Z] [INFO] Starting the Interaction Scraping Process...
[2024-03-10T08:08:13Z] [INFO] Profile View Scraping finished...
[2024-03-10T08:08:16Z] [INFO] Starting the Finished Crons Checking Process...
[2024-03-10T08:08:17Z] [INFO] Sending the data CSV file to customer: Sajawal Chopra - sajawalchopra448@gmail.com
[2024-03-10T08:08:20Z] [INFO] Sent the data CSV file to customer: Sajawal Chopra - sajawalchopra448@gmail.com
[2024-03-10T08:16:14Z] [INFO] Server is running on port 3000
[2024-03-10T08:16:16Z] [INFO] Connected to MongoDB
[2024-03-10T08:16:16Z] [INFO] Cron is Up & Running!
[2024-03-10T08:16:16Z] [INFO] Checking MongoDB Connection...
[2024-03-10T08:16:16Z] [INFO] Starting the Profile View Scraping Process...
[2024-03-10T08:16:16Z] [INFO] Checking MongoDB Connection...
[2024-03-10T08:16:16Z] [INFO] Starting the Interaction Scraping Process...
[2024-03-10T08:16:22Z] [INFO] Starting the Finished Crons Checking Process...
[2024-03-10T08:16:22Z] [INFO] Sending the data CSV file to customer: Sajawal Chopra - sajawalchopra448@gmail.com
[2024-03-10T08:16:25Z] [INFO] Sent the data CSV file to customer: Sajawal Chopra - sajawalchopra448@gmail.com
